<?xml version="1.0" encoding="UTF-8"?>
<!-- Generated by org.testng.reporters.JUnitReportReporter -->
<testsuite hostname="DESKTOP-7QKHQO8" failures="0" tests="1" name="driveryFactory.TestScript" time="51.555" errors="0" timestamp="2023-04-15T00:15:00 IST" skipped="0">
  <testcase classname="driveryFactory.TestScript" name="startTest" time="51.555"/>
  <system-out>
    <![CDATA[no of rows are::9
Add Employee success::19527   19527
Add Employee success::19528   19528
Add Employee success::19529   19529
Add Employee success::19530   19530
Add Employee success::19531   19531
Add Employee success::19532   19532
Add Employee success::19533   19533
Add Employee success::19534   19534
Add Employee success::19535   19535]]>
  </system-out>
</testsuite> <!-- driveryFactory.TestScript -->
